<?xml version="1.0" encoding="UTF-8"?>
<testng-results ignored="0" total="1" passed="1" failed="0" skipped="0">
  <reporter-output>
  </reporter-output>
  <suite started-at="2024-05-30T16:01:22Z" name="Default suite" finished-at="2024-05-30T16:01:22Z" duration-ms="27">
    <groups>
    </groups>
    <test started-at="2024-05-30T16:01:22Z" name="Default test" finished-at="2024-05-30T16:01:22Z" duration-ms="27">
      <class name="pack1.Practice">
        <test-method signature="test()[pri:0, instance:pack1.Practice@345f69f3]" started-at="2024-05-30T16:01:22Z" name="test" finished-at="2024-05-30T16:01:22Z" duration-ms="8" status="PASS">
          <reporter-output>
          </reporter-output>
        </test-method> <!-- test -->
      </class> <!-- pack1.Practice -->
    </test> <!-- Default test -->
  </suite> <!-- Default suite -->
</testng-results>
